=============================================================
	iFlyTEK log file
	Subject :    Resource Logger for vad
	Created-Time :    18/05/22-11:25:52 765
	Application: E:\Program Files (x86)\iFly Info Tek\iFlyIME\2.1.1611\iFlyIMEGuide.exe 2017-04-27 17:10:14
	Module:      E:\Program Files (x86)\iFly Info Tek\iFlyIME\2.1.1611\OnLineVAD.dll 2017-04-27 17:11:12
	PID: 8680 (0x21e8) Version: 
=============================================================
=============================================================
	iFlyTEK log file
	Subject :    Resource Logger for vad
	Created-Time :    18/05/24-17:07:50 640
	Application: E:\Program Files (x86)\iFly Info Tek\iFlyIME\2.1.1611\iFlyIMEGuide.exe 2017-04-27 17:10:14
	Module:      E:\Program Files (x86)\iFly Info Tek\iFlyIME\2.1.1611\OnLineVAD.dll 2017-04-27 17:11:12
	PID: 8348 (0x209c) Version: 
=============================================================
=============================================================
	iFlyTEK log file
	Subject :    Resource Logger for vad
	Created-Time :    19/08/06-11:33:47 093
	Application: D:\Program Files (x86)\iFly Info Tek\iFlyIME\2.1.1611\iFlyIMEGuide.exe 2017-04-27 17:10:14
	Module:      D:\Program Files (x86)\iFly Info Tek\iFlyIME\2.1.1611\OnLineVAD.dll 2017-04-27 17:11:12
	PID: 6900 (0x1af4) Version: 
=============================================================
