============================================================
Time  2018/05/22 12:57:09 136 
============================================================
[2018/05/22 12:57:09 136] isr        28   isr loaded!  
[2018/05/22 12:57:09 136] isr        48   wifi  
[2018/05/22 12:57:09 145] isr_1conn  1946 SYS_MSG_LOAD  
[2018/05/22 12:57:09 145] isr_1conn  1305 onesoc  
[2018/05/22 12:57:09 145] isr_1conn  1306 ISR_MSG_SSB  
[2018/05/22 12:57:09 146] isr_1conn  1316 isr  cisr1PdHHBHcmzBv-GBKH3C2klsCktjmEo  268436457  1408347573  
[2018/05/22 12:57:09 146] isr_1conn  1485 nil  
[2018/05/22 12:57:09 146] isr_1conn  1562 speex-wb  
[2018/05/22 12:57:09 146] isr_1conn  1628 once bytes  122  
[2018/05/22 12:57:09 155] isr_1conn  1662 User set url is   nil  
[2018/05/22 12:57:09 155] transport  536  paramkvsport is   nil  
[2018/05/22 12:57:09 156] transport  746  net type:  wifi  
[2018/05/22 12:57:09 156] transport  747  net operator:  def  
[2018/05/22 12:57:09 156] transport  748  use proxy:  false  
[2018/05/22 12:57:09 156] network    80   ipfromenv ,  ipcache  dev.voicecloud.cn  def  42.62.116.35  
[2018/05/22 12:57:09 156] transport  913  using cached ip:  42.62.116.35  
[2018/05/22 12:57:09 156] transport  930  try preferred port:  80  
[2018/05/22 12:57:09 157] transport  948  ns_i =  nil  
[2018/05/22 12:57:09 157] transport  1023 [soc] connect   42.62.116.35  80  
[2018/05/22 12:57:09 157] isr_1conn  1693 ISR_MSG_AUW  14080  2  
[2018/05/22 12:57:09 157] isr_1conn  1693 ISR_MSG_AUW  320  2  
[2018/05/22 12:57:09 157] isr_1conn  1693 ISR_MSG_AUW  320  2  
[2018/05/22 12:57:09 158] isr_1conn  1693 ISR_MSG_AUW  320  2  
[2018/05/22 12:57:09 169] isr_1conn  1693 ISR_MSG_AUW  320  2  
[2018/05/22 12:57:09 179] isr_1conn  1693 ISR_MSG_AUW  320  2  
[2018/05/22 12:57:09 189] isr_1conn  1693 ISR_MSG_AUW  320  2  
[2018/05/22 12:57:09 198] isr_1conn  1693 ISR_MSG_AUW  320  2  
[2018/05/22 12:57:09 208] isr_1conn  1693 ISR_MSG_AUW  320  2  
[2018/05/22 12:57:09 209] isr_1conn  1693 ISR_MSG_AUW  320  2  
[2018/05/22 12:57:09 220] isr_1conn  1693 ISR_MSG_AUW  320  2  
[2018/05/22 12:57:09 230] isr_1conn  1693 ISR_MSG_AUW  320  2  
[2018/05/22 12:57:09 239] isr_1conn  1693 ISR_MSG_AUW  320  2  
[2018/05/22 12:57:09 250] isr_1conn  1693 ISR_MSG_AUW  320  2  
[2018/05/22 12:57:09 260] isr_1conn  1693 ISR_MSG_AUW  320  2  
[2018/05/22 12:57:09 271] isr_1conn  1693 ISR_MSG_AUW  320  2  
[2018/05/22 12:57:09 281] isr_1conn  1693 ISR_MSG_AUW  320  2  
[2018/05/22 12:57:09 291] isr_1conn  1693 ISR_MSG_AUW  320  2  
[2018/05/22 12:57:09 300] isr_1conn  1693 ISR_MSG_AUW  320  2  
[2018/05/22 12:57:09 311] isr_1conn  1693 ISR_MSG_AUW  320  2  
[2018/05/22 12:57:09 321] isr_1conn  1693 ISR_MSG_AUW  320  2  
[2018/05/22 12:57:09 331] isr_1conn  1693 ISR_MSG_AUW  320  2  
[2018/05/22 12:57:09 341] isr_1conn  1693 ISR_MSG_AUW  320  2  
[2018/05/22 12:57:09 352] isr_1conn  1693 ISR_MSG_AUW  320  2  
[2018/05/22 12:57:09 361] isr_1conn  1693 ISR_MSG_AUW  320  2  
[2018/05/22 12:57:09 373] isr_1conn  1693 ISR_MSG_AUW  320  2  
[2018/05/22 12:57:09 383] isr_1conn  1693 ISR_MSG_AUW  320  2  
[2018/05/22 12:57:09 393] isr_1conn  1693 ISR_MSG_AUW  320  2  
[2018/05/22 12:57:09 403] isr_1conn  1693 ISR_MSG_AUW  320  2  
[2018/05/22 12:57:09 412] isr_1conn  1693 ISR_MSG_AUW  320  2  
[2018/05/22 12:57:09 424] isr_1conn  1693 ISR_MSG_AUW  320  2  
[2018/05/22 12:57:09 434] isr_1conn  1693 ISR_MSG_AUW  320  2  
[2018/05/22 12:57:09 444] isr_1conn  1693 ISR_MSG_AUW  320  2  
[2018/05/22 12:57:09 453] isr_1conn  1693 ISR_MSG_AUW  320  2  
[2018/05/22 12:57:09 464] isr_1conn  1693 ISR_MSG_AUW  320  2  
[2018/05/22 12:57:09 470] isr_1conn  239  netperf:  97  
[2018/05/22 12:57:09 475] isr_1conn  1693 ISR_MSG_AUW  320  2  
[2018/05/22 12:57:09 484] isr_1conn  1693 ISR_MSG_AUW  320  2  
[2018/05/22 12:57:09 494] isr_1conn  1693 ISR_MSG_AUW  320  2  
[2018/05/22 12:57:09 504] isr_1conn  1693 ISR_MSG_AUW  320  2  
[2018/05/22 12:57:09 514] isr_1conn  1693 ISR_MSG_AUW  320  2  
[2018/05/22 12:57:09 525] isr_1conn  1693 ISR_MSG_AUW  320  2  
[2018/05/22 12:57:09 534] isr_1conn  1693 ISR_MSG_AUW  320  2  
[2018/05/22 12:57:09 545] isr_1conn  1693 ISR_MSG_AUW  320  2  
[2018/05/22 12:57:09 555] isr_1conn  1693 ISR_MSG_AUW  320  2  
[2018/05/22 12:57:09 565] isr_1conn  1693 ISR_MSG_AUW  320  2  
[2018/05/22 12:57:09 575] isr_1conn  1693 ISR_MSG_AUW  320  2  
[2018/05/22 12:57:09 585] isr_1conn  1693 ISR_MSG_AUW  320  2  
[2018/05/22 12:57:09 595] isr_1conn  1693 ISR_MSG_AUW  320  2  
[2018/05/22 12:57:09 605] isr_1conn  1693 ISR_MSG_AUW  320  2  
[2018/05/22 12:57:09 615] isr_1conn  1693 ISR_MSG_AUW  320  2  
[2018/05/22 12:57:09 626] isr_1conn  1693 ISR_MSG_AUW  320  2  
[2018/05/22 12:57:09 636] isr_1conn  1693 ISR_MSG_AUW  320  2  
[2018/05/22 12:57:09 646] isr_1conn  1693 ISR_MSG_AUW  320  2  
[2018/05/22 12:57:09 656] isr_1conn  1693 ISR_MSG_AUW  320  2  
[2018/05/22 12:57:09 666] isr_1conn  1693 ISR_MSG_AUW  320  2  
[2018/05/22 12:57:09 678] isr_1conn  1693 ISR_MSG_AUW  320  2  
[2018/05/22 12:57:09 687] isr_1conn  1693 ISR_MSG_AUW  320  2  
[2018/05/22 12:57:09 697] isr_1conn  1693 ISR_MSG_AUW  320  2  
[2018/05/22 12:57:09 707] isr_1conn  1693 ISR_MSG_AUW  320  2  
[2018/05/22 12:57:09 717] isr_1conn  1693 ISR_MSG_AUW  320  2  
[2018/05/22 12:57:09 728] isr_1conn  1693 ISR_MSG_AUW  320  2  
[2018/05/22 12:57:09 738] isr_1conn  1693 ISR_MSG_AUW  320  2  
[2018/05/22 12:57:09 749] isr_1conn  1693 ISR_MSG_AUW  320  2  
[2018/05/22 12:57:09 758] isr_1conn  1693 ISR_MSG_AUW  320  2  
[2018/05/22 12:57:09 768] isr_1conn  1693 ISR_MSG_AUW  320  2  
[2018/05/22 12:57:09 779] isr_1conn  239  netperf:  80  
[2018/05/22 12:57:09 779] isr_1conn  1693 ISR_MSG_AUW  320  2  
[2018/05/22 12:57:09 789] isr_1conn  1693 ISR_MSG_AUW  320  2  
[2018/05/22 12:57:09 799] isr_1conn  1693 ISR_MSG_AUW  320  2  
[2018/05/22 12:57:09 808] isr_1conn  1693 ISR_MSG_AUW  320  2  
[2018/05/22 12:57:09 819] isr_1conn  1693 ISR_MSG_AUW  320  2  
[2018/05/22 12:57:09 830] isr_1conn  1693 ISR_MSG_AUW  320  2  
[2018/05/22 12:57:09 840] isr_1conn  1693 ISR_MSG_AUW  320  2  
[2018/05/22 12:57:09 850] isr_1conn  1693 ISR_MSG_AUW  320  2  
[2018/05/22 12:57:09 850] isr_1conn  1693 ISR_MSG_AUW  320  2  
[2018/05/22 12:57:09 859] isr_1conn  1693 ISR_MSG_AUW  320  2  
[2018/05/22 12:57:09 869] isr_1conn  1693 ISR_MSG_AUW  320  2  
[2018/05/22 12:57:09 880] isr_1conn  1693 ISR_MSG_AUW  320  2  
[2018/05/22 12:57:09 891] isr_1conn  1693 ISR_MSG_AUW  320  2  
[2018/05/22 12:57:09 900] isr_1conn  1693 ISR_MSG_AUW  320  2  
[2018/05/22 12:57:09 910] isr_1conn  1693 ISR_MSG_AUW  320  2  
[2018/05/22 12:57:09 920] isr_1conn  1693 ISR_MSG_AUW  320  2  
[2018/05/22 12:57:09 931] isr_1conn  1693 ISR_MSG_AUW  320  2  
[2018/05/22 12:57:09 941] isr_1conn  1693 ISR_MSG_AUW  320  2  
[2018/05/22 12:57:09 951] isr_1conn  1693 ISR_MSG_AUW  320  2  
[2018/05/22 12:57:09 961] isr_1conn  1693 ISR_MSG_AUW  320  2  
[2018/05/22 12:57:09 972] isr_1conn  1693 ISR_MSG_AUW  320  2  
[2018/05/22 12:57:09 982] isr_1conn  1693 ISR_MSG_AUW  320  2  
[2018/05/22 12:57:09 992] isr_1conn  1693 ISR_MSG_AUW  320  2  
[2018/05/22 12:57:10 002] isr_1conn  1693 ISR_MSG_AUW  320  2  
[2018/05/22 12:57:10 012] isr_1conn  1693 ISR_MSG_AUW  320  2  
[2018/05/22 12:57:10 022] isr_1conn  1693 ISR_MSG_AUW  320  2  
[2018/05/22 12:57:10 032] isr_1conn  1693 ISR_MSG_AUW  320  2  
[2018/05/22 12:57:10 043] isr_1conn  1693 ISR_MSG_AUW  320  2  
[2018/05/22 12:57:10 053] isr_1conn  1693 ISR_MSG_AUW  320  2  
[2018/05/22 12:57:10 063] isr_1conn  1693 ISR_MSG_AUW  320  2  
[2018/05/22 12:57:10 073] isr_1conn  1693 ISR_MSG_AUW  320  2  
[2018/05/22 12:57:10 082] isr_1conn  1693 ISR_MSG_AUW  320  2  
[2018/05/22 12:57:10 093] isr_1conn  239  netperf:  72  
[2018/05/22 12:57:10 093] isr_1conn  1693 ISR_MSG_AUW  320  2  
[2018/05/22 12:57:10 104] isr_1conn  1693 ISR_MSG_AUW  320  2  
[2018/05/22 12:57:10 114] isr_1conn  1693 ISR_MSG_AUW  320  2  
[2018/05/22 12:57:10 124] isr_1conn  1693 ISR_MSG_AUW  320  2  
[2018/05/22 12:57:10 134] isr_1conn  1693 ISR_MSG_AUW  320  2  
[2018/05/22 12:57:10 145] isr_1conn  1693 ISR_MSG_AUW  320  2  
[2018/05/22 12:57:10 155] isr_1conn  1693 ISR_MSG_AUW  320  2  
[2018/05/22 12:57:10 164] isr_1conn  1693 ISR_MSG_AUW  320  2  
[2018/05/22 12:57:10 174] isr_1conn  1693 ISR_MSG_AUW  320  2  
[2018/05/22 12:57:10 184] isr_1conn  1693 ISR_MSG_AUW  320  2  
[2018/05/22 12:57:10 195] isr_1conn  1693 ISR_MSG_AUW  320  2  
[2018/05/22 12:57:10 205] isr_1conn  1693 ISR_MSG_AUW  320  2  
[2018/05/22 12:57:10 215] isr_1conn  1693 ISR_MSG_AUW  320  2  
[2018/05/22 12:57:10 225] isr_1conn  1693 ISR_MSG_AUW  320  2  
[2018/05/22 12:57:10 235] isr_1conn  1693 ISR_MSG_AUW  320  2  
[2018/05/22 12:57:10 246] isr_1conn  1693 ISR_MSG_AUW  320  2  
[2018/05/22 12:57:10 256] isr_1conn  1693 ISR_MSG_AUW  320  2  
[2018/05/22 12:57:10 266] isr_1conn  1693 ISR_MSG_AUW  320  2  
[2018/05/22 12:57:10 276] isr_1conn  1693 ISR_MSG_AUW  320  2  
[2018/05/22 12:57:10 286] isr_1conn  1693 ISR_MSG_AUW  320  2  
[2018/05/22 12:57:10 297] isr_1conn  1693 ISR_MSG_AUW  320  2  
[2018/05/22 12:57:10 307] isr_1conn  1693 ISR_MSG_AUW  320  2  
[2018/05/22 12:57:10 317] isr_1conn  1693 ISR_MSG_AUW  320  2  
[2018/05/22 12:57:10 327] isr_1conn  1693 ISR_MSG_AUW  320  2  
[2018/05/22 12:57:10 337] isr_1conn  1693 ISR_MSG_AUW  320  2  
[2018/05/22 12:57:10 347] isr_1conn  1693 ISR_MSG_AUW  320  2  
[2018/05/22 12:57:10 357] isr_1conn  1693 ISR_MSG_AUW  320  2  
[2018/05/22 12:57:10 367] isr_1conn  1693 ISR_MSG_AUW  320  2  
[2018/05/22 12:57:10 378] isr_1conn  1693 ISR_MSG_AUW  320  2  
[2018/05/22 12:57:10 387] isr_1conn  1693 ISR_MSG_AUW  320  2  
[2018/05/22 12:57:10 399] isr_1conn  1693 ISR_MSG_AUW  320  2  
[2018/05/22 12:57:10 405] isr_1conn  239  netperf:  65  
[2018/05/22 12:57:10 408] isr_1conn  1693 ISR_MSG_AUW  320  2  
[2018/05/22 12:57:10 418] isr_1conn  1693 ISR_MSG_AUW  320  2  
[2018/05/22 12:57:10 428] isr_1conn  1693 ISR_MSG_AUW  320  2  
[2018/05/22 12:57:10 438] isr_1conn  1693 ISR_MSG_AUW  320  2  
[2018/05/22 12:57:10 449] isr_1conn  1693 ISR_MSG_AUW  320  2  
[2018/05/22 12:57:10 460] isr_1conn  1693 ISR_MSG_AUW  320  2  
[2018/05/22 12:57:10 469] isr_1conn  1693 ISR_MSG_AUW  320  2  
[2018/05/22 12:57:10 480] isr_1conn  1693 ISR_MSG_AUW  320  2  
[2018/05/22 12:57:10 489] isr_1conn  1693 ISR_MSG_AUW  320  2  
[2018/05/22 12:57:10 489] isr_1conn  1693 ISR_MSG_AUW  320  2  
[2018/05/22 12:57:10 500] isr_1conn  1693 ISR_MSG_AUW  320  2  
[2018/05/22 12:57:10 510] isr_1conn  1693 ISR_MSG_AUW  320  2  
[2018/05/22 12:57:10 520] isr_1conn  1693 ISR_MSG_AUW  320  2  
[2018/05/22 12:57:10 530] isr_1conn  1693 ISR_MSG_AUW  320  2  
[2018/05/22 12:57:10 540] isr_1conn  1693 ISR_MSG_AUW  320  2  
[2018/05/22 12:57:10 551] isr_1conn  1693 ISR_MSG_AUW  320  2  
[2018/05/22 12:57:10 561] isr_1conn  1693 ISR_MSG_AUW  320  2  
[2018/05/22 12:57:10 570] isr_1conn  1693 ISR_MSG_AUW  320  2  
[2018/05/22 12:57:10 581] isr_1conn  1693 ISR_MSG_AUW  320  2  
[2018/05/22 12:57:10 591] isr_1conn  1693 ISR_MSG_AUW  320  2  
[2018/05/22 12:57:10 601] isr_1conn  1693 ISR_MSG_AUW  320  2  
[2018/05/22 12:57:10 611] isr_1conn  1693 ISR_MSG_AUW  320  2  
[2018/05/22 12:57:10 621] isr_1conn  1693 ISR_MSG_AUW  320  2  
[2018/05/22 12:57:10 631] isr_1conn  1693 ISR_MSG_AUW  320  2  
[2018/05/22 12:57:10 642] isr_1conn  1693 ISR_MSG_AUW  320  2  
[2018/05/22 12:57:10 653] isr_1conn  1693 ISR_MSG_AUW  320  2  
[2018/05/22 12:57:10 663] isr_1conn  1693 ISR_MSG_AUW  320  2  
[2018/05/22 12:57:10 672] isr_1conn  1693 ISR_MSG_AUW  320  2  
[2018/05/22 12:57:10 683] isr_1conn  1693 ISR_MSG_AUW  320  2  
[2018/05/22 12:57:10 693] isr_1conn  1693 ISR_MSG_AUW  320  2  
[2018/05/22 12:57:10 704] isr_1conn  1693 ISR_MSG_AUW  320  2  
[2018/05/22 12:57:10 713] isr_1conn  1693 ISR_MSG_AUW  320  2  
[2018/05/22 12:57:10 718] isr_1conn  239  netperf:  57  
[2018/05/22 12:57:10 723] isr_1conn  1693 ISR_MSG_AUW  320  2  
[2018/05/22 12:57:10 733] isr_1conn  1693 ISR_MSG_AUW  320  2  
[2018/05/22 12:57:10 743] isr_1conn  1693 ISR_MSG_AUW  320  2  
[2018/05/22 12:57:10 754] isr_1conn  1693 ISR_MSG_AUW  320  2  
[2018/05/22 12:57:10 764] isr_1conn  1693 ISR_MSG_AUW  320  2  
[2018/05/22 12:57:10 774] isr_1conn  1693 ISR_MSG_AUW  320  2  
[2018/05/22 12:57:10 784] isr_1conn  1693 ISR_MSG_AUW  320  2  
[2018/05/22 12:57:10 794] isr_1conn  1693 ISR_MSG_AUW  320  2  
[2018/05/22 12:57:10 805] isr_1conn  1693 ISR_MSG_AUW  320  2  
[2018/05/22 12:57:10 815] isr_1conn  1693 ISR_MSG_AUW  320  2  
[2018/05/22 12:57:10 825] isr_1conn  1693 ISR_MSG_AUW  320  2  
[2018/05/22 12:57:10 835] isr_1conn  1693 ISR_MSG_AUW  320  2  
[2018/05/22 12:57:10 845] isr_1conn  1693 ISR_MSG_AUW  320  2  
[2018/05/22 12:57:10 856] isr_1conn  1693 ISR_MSG_AUW  320  2  
[2018/05/22 12:57:10 865] isr_1conn  1693 ISR_MSG_AUW  320  2  
[2018/05/22 12:57:10 875] isr_1conn  1693 ISR_MSG_AUW  320  2  
[2018/05/22 12:57:10 885] isr_1conn  1693 ISR_MSG_AUW  320  2  
[2018/05/22 12:57:10 895] isr_1conn  1693 ISR_MSG_AUW  320  2  
[2018/05/22 12:57:10 906] isr_1conn  1693 ISR_MSG_AUW  320  2  
[2018/05/22 12:57:10 917] isr_1conn  1693 ISR_MSG_AUW  320  2  
[2018/05/22 12:57:10 926] isr_1conn  1693 ISR_MSG_AUW  320  2  
[2018/05/22 12:57:10 937] isr_1conn  1693 ISR_MSG_AUW  320  2  
[2018/05/22 12:57:10 946] isr_1conn  1693 ISR_MSG_AUW  320  2  
[2018/05/22 12:57:10 957] isr_1conn  1693 ISR_MSG_AUW  320  2  
[2018/05/22 12:57:10 968] isr_1conn  1693 ISR_MSG_AUW  320  2  
[2018/05/22 12:57:10 978] isr_1conn  1693 ISR_MSG_AUW  320  2  
[2018/05/22 12:57:10 987] isr_1conn  1693 ISR_MSG_AUW  320  2  
[2018/05/22 12:57:10 998] isr_1conn  1693 ISR_MSG_AUW  320  2  
[2018/05/22 12:57:11 008] isr_1conn  1693 ISR_MSG_AUW  320  2  
[2018/05/22 12:57:11 018] isr_1conn  1693 ISR_MSG_AUW  320  2  
[2018/05/22 12:57:11 028] isr_1conn  1693 ISR_MSG_AUW  320  2  
[2018/05/22 12:57:11 028] isr_1conn  239  netperf:  40  
[2018/05/22 12:57:11 038] isr_1conn  1693 ISR_MSG_AUW  320  2  
[2018/05/22 12:57:11 048] isr_1conn  1693 ISR_MSG_AUW  320  2  
[2018/05/22 12:57:11 058] isr_1conn  1693 ISR_MSG_AUW  320  2  
[2018/05/22 12:57:11 068] isr_1conn  1693 ISR_MSG_AUW  320  2  
[2018/05/22 12:57:11 078] isr_1conn  1693 ISR_MSG_AUW  320  2  
[2018/05/22 12:57:11 089] isr_1conn  1693 ISR_MSG_AUW  320  2  
[2018/05/22 12:57:11 099] isr_1conn  1693 ISR_MSG_AUW  320  2  
[2018/05/22 12:57:11 109] isr_1conn  1693 ISR_MSG_AUW  320  2  
[2018/05/22 12:57:11 119] isr_1conn  1693 ISR_MSG_AUW  320  2  
[2018/05/22 12:57:11 129] isr_1conn  1693 ISR_MSG_AUW  320  2  
[2018/05/22 12:57:11 130] isr_1conn  1693 ISR_MSG_AUW  320  2  
[2018/05/22 12:57:11 139] isr_1conn  1693 ISR_MSG_AUW  320  2  
[2018/05/22 12:57:11 150] isr_1conn  1693 ISR_MSG_AUW  320  2  
[2018/05/22 12:57:11 160] isr_1conn  1693 ISR_MSG_AUW  320  2  
[2018/05/22 12:57:11 170] isr_1conn  1693 ISR_MSG_AUW  320  2  
[2018/05/22 12:57:11 181] isr_1conn  1693 ISR_MSG_AUW  320  2  
[2018/05/22 12:57:11 190] isr_1conn  1693 ISR_MSG_AUW  320  2  
[2018/05/22 12:57:11 201] isr_1conn  1693 ISR_MSG_AUW  320  2  
[2018/05/22 12:57:11 212] isr_1conn  1693 ISR_MSG_AUW  320  2  
[2018/05/22 12:57:11 221] isr_1conn  1693 ISR_MSG_AUW  320  2  
[2018/05/22 12:57:11 231] isr_1conn  1693 ISR_MSG_AUW  320  2  
[2018/05/22 12:57:11 242] isr_1conn  1693 ISR_MSG_AUW  320  2  
[2018/05/22 12:57:11 251] isr_1conn  1693 ISR_MSG_AUW  320  2  
[2018/05/22 12:57:11 262] isr_1conn  1693 ISR_MSG_AUW  320  2  
[2018/05/22 12:57:11 272] isr_1conn  1693 ISR_MSG_AUW  320  2  
[2018/05/22 12:57:11 282] isr_1conn  1693 ISR_MSG_AUW  320  2  
[2018/05/22 12:57:11 292] isr_1conn  1693 ISR_MSG_AUW  320  2  
[2018/05/22 12:57:11 302] isr_1conn  1693 ISR_MSG_AUW  320  2  
[2018/05/22 12:57:11 312] isr_1conn  1693 ISR_MSG_AUW  320  2  
[2018/05/22 12:57:11 322] isr_1conn  1693 ISR_MSG_AUW  320  2  
[2018/05/22 12:57:11 333] isr_1conn  1693 ISR_MSG_AUW  320  2  
[2018/05/22 12:57:11 341] isr_1conn  239  netperf:  32  
[2018/05/22 12:57:11 342] isr_1conn  1693 ISR_MSG_AUW  320  2  
[2018/05/22 12:57:11 352] isr_1conn  1693 ISR_MSG_AUW  320  2  
[2018/05/22 12:57:11 364] isr_1conn  1693 ISR_MSG_AUW  320  2  
[2018/05/22 12:57:11 373] isr_1conn  1693 ISR_MSG_AUW  320  2  
[2018/05/22 12:57:11 383] isr_1conn  1693 ISR_MSG_AUW  320  2  
[2018/05/22 12:57:11 394] isr_1conn  1693 ISR_MSG_AUW  320  2  
[2018/05/22 12:57:11 404] isr_1conn  1693 ISR_MSG_AUW  320  2  
[2018/05/22 12:57:11 414] isr_1conn  1693 ISR_MSG_AUW  320  2  
[2018/05/22 12:57:11 424] isr_1conn  1693 ISR_MSG_AUW  320  2  
[2018/05/22 12:57:11 434] isr_1conn  1693 ISR_MSG_AUW  320  2  
[2018/05/22 12:57:11 444] isr_1conn  1693 ISR_MSG_AUW  320  2  
[2018/05/22 12:57:11 454] isr_1conn  1693 ISR_MSG_AUW  320  2  
[2018/05/22 12:57:11 465] isr_1conn  1693 ISR_MSG_AUW  320  2  
[2018/05/22 12:57:11 475] isr_1conn  1693 ISR_MSG_AUW  320  2  
[2018/05/22 12:57:11 485] isr_1conn  1693 ISR_MSG_AUW  320  2  
[2018/05/22 12:57:11 495] isr_1conn  1693 ISR_MSG_AUW  320  2  
[2018/05/22 12:57:11 505] isr_1conn  1693 ISR_MSG_AUW  320  2  
[2018/05/22 12:57:11 516] isr_1conn  1693 ISR_MSG_AUW  320  2  
[2018/05/22 12:57:11 527] isr_1conn  1693 ISR_MSG_AUW  320  2  
[2018/05/22 12:57:11 536] isr_1conn  1693 ISR_MSG_AUW  320  2  
[2018/05/22 12:57:11 546] isr_1conn  1693 ISR_MSG_AUW  320  2  
[2018/05/22 12:57:11 556] isr_1conn  1693 ISR_MSG_AUW  320  2  
[2018/05/22 12:57:11 566] isr_1conn  1693 ISR_MSG_AUW  320  2  
[2018/05/22 12:57:11 577] isr_1conn  1693 ISR_MSG_AUW  320  2  
[2018/05/22 12:57:11 587] isr_1conn  1693 ISR_MSG_AUW  320  2  
[2018/05/22 12:57:11 597] isr_1conn  1693 ISR_MSG_AUW  320  2  
[2018/05/22 12:57:11 607] isr_1conn  1693 ISR_MSG_AUW  320  2  
[2018/05/22 12:57:11 616] isr_1conn  1693 ISR_MSG_AUW  320  2  
[2018/05/22 12:57:11 628] isr_1conn  1693 ISR_MSG_AUW  320  2  
[2018/05/22 12:57:11 637] isr_1conn  1693 ISR_MSG_AUW  320  2  
[2018/05/22 12:57:11 647] isr_1conn  1693 ISR_MSG_AUW  320  2  
[2018/05/22 12:57:11 654] isr_1conn  239  netperf:  25  
[2018/05/22 12:57:11 657] isr_1conn  1693 ISR_MSG_AUW  320  2  
[2018/05/22 12:57:11 668] isr_1conn  1693 ISR_MSG_AUW  320  2  
[2018/05/22 12:57:11 678] isr_1conn  1693 ISR_MSG_AUW  320  2  
[2018/05/22 12:57:11 688] isr_1conn  1693 ISR_MSG_AUW  320  2  
[2018/05/22 12:57:11 698] isr_1conn  1693 ISR_MSG_AUW  320  2  
[2018/05/22 12:57:11 709] isr_1conn  1693 ISR_MSG_AUW  320  2  
[2018/05/22 12:57:11 719] isr_1conn  1693 ISR_MSG_AUW  320  2  
[2018/05/22 12:57:11 728] isr_1conn  1693 ISR_MSG_AUW  320  2  
[2018/05/22 12:57:11 739] isr_1conn  1693 ISR_MSG_AUW  320  2  
[2018/05/22 12:57:11 749] isr_1conn  1693 ISR_MSG_AUW  320  2  
[2018/05/22 12:57:11 759] isr_1conn  1693 ISR_MSG_AUW  320  2  
[2018/05/22 12:57:11 769] isr_1conn  1693 ISR_MSG_AUW  320  2  
[2018/05/22 12:57:11 770] isr_1conn  1693 ISR_MSG_AUW  320  2  
[2018/05/22 12:57:11 779] isr_1conn  1693 ISR_MSG_AUW  320  2  
[2018/05/22 12:57:11 790] isr_1conn  1693 ISR_MSG_AUW  320  2  
[2018/05/22 12:57:11 800] isr_1conn  1693 ISR_MSG_AUW  320  2  
[2018/05/22 12:57:11 811] isr_1conn  1693 ISR_MSG_AUW  320  2  
[2018/05/22 12:57:11 820] isr_1conn  1693 ISR_MSG_AUW  320  2  
[2018/05/22 12:57:11 830] isr_1conn  1693 ISR_MSG_AUW  320  2  
[2018/05/22 12:57:11 841] isr_1conn  1693 ISR_MSG_AUW  320  2  
[2018/05/22 12:57:11 851] isr_1conn  1693 ISR_MSG_AUW  320  2  
[2018/05/22 12:57:11 861] isr_1conn  1693 ISR_MSG_AUW  320  2  
[2018/05/22 12:57:11 871] isr_1conn  1693 ISR_MSG_AUW  320  2  
[2018/05/22 12:57:11 881] isr_1conn  1693 ISR_MSG_AUW  320  2  
[2018/05/22 12:57:11 891] isr_1conn  1693 ISR_MSG_AUW  320  2  
[2018/05/22 12:57:11 901] isr_1conn  1693 ISR_MSG_AUW  320  2  
[2018/05/22 12:57:11 912] isr_1conn  1693 ISR_MSG_AUW  320  2  
[2018/05/22 12:57:11 922] isr_1conn  1693 ISR_MSG_AUW  320  2  
[2018/05/22 12:57:11 931] isr_1conn  1693 ISR_MSG_AUW  320  2  
[2018/05/22 12:57:11 942] isr_1conn  1693 ISR_MSG_AUW  320  2  
[2018/05/22 12:57:11 953] isr_1conn  1693 ISR_MSG_AUW  320  2  
[2018/05/22 12:57:11 962] isr_1conn  1693 ISR_MSG_AUW  320  2  
[2018/05/22 12:57:11 967] isr_1conn  239  netperf:  17  
[2018/05/22 12:57:11 972] isr_1conn  1693 ISR_MSG_AUW  320  2  
[2018/05/22 12:57:11 982] isr_1conn  1693 ISR_MSG_AUW  320  2  
[2018/05/22 12:57:11 993] isr_1conn  1693 ISR_MSG_AUW  320  2  
[2018/05/22 12:57:12 003] isr_1conn  1693 ISR_MSG_AUW  320  2  
[2018/05/22 12:57:12 014] isr_1conn  1693 ISR_MSG_AUW  320  2  
[2018/05/22 12:57:12 023] isr_1conn  1693 ISR_MSG_AUW  320  2  
[2018/05/22 12:57:12 033] isr_1conn  1693 ISR_MSG_AUW  320  2  
[2018/05/22 12:57:12 045] isr_1conn  1693 ISR_MSG_AUW  320  2  
[2018/05/22 12:57:12 054] isr_1conn  1693 ISR_MSG_AUW  320  2  
[2018/05/22 12:57:12 064] isr_1conn  1693 ISR_MSG_AUW  320  2  
[2018/05/22 12:57:12 074] isr_1conn  1693 ISR_MSG_AUW  320  2  
[2018/05/22 12:57:12 084] isr_1conn  1693 ISR_MSG_AUW  320  2  
[2018/05/22 12:57:12 095] isr_1conn  1693 ISR_MSG_AUW  320  2  
[2018/05/22 12:57:12 105] isr_1conn  1693 ISR_MSG_AUW  320  2  
[2018/05/22 12:57:12 115] isr_1conn  1693 ISR_MSG_AUW  320  2  
[2018/05/22 12:57:12 125] isr_1conn  1693 ISR_MSG_AUW  320  2  
[2018/05/22 12:57:12 135] isr_1conn  1693 ISR_MSG_AUW  320  2  
[2018/05/22 12:57:12 146] isr_1conn  1693 ISR_MSG_AUW  320  2  
[2018/05/22 12:57:12 155] isr_1conn  1693 ISR_MSG_AUW  320  2  
[2018/05/22 12:57:12 165] isr_1conn  1693 ISR_MSG_AUW  320  2  
[2018/05/22 12:57:12 176] isr_1conn  1693 ISR_MSG_AUW  320  2  
[2018/05/22 12:57:12 186] isr_1conn  1693 ISR_MSG_AUW  320  2  
[2018/05/22 12:57:12 196] isr_1conn  1693 ISR_MSG_AUW  320  2  
[2018/05/22 12:57:12 206] isr_1conn  1693 ISR_MSG_AUW  320  2  
[2018/05/22 12:57:12 217] isr_1conn  1693 ISR_MSG_AUW  320  2  
[2018/05/22 12:57:12 226] isr_1conn  1693 ISR_MSG_AUW  320  2  
[2018/05/22 12:57:12 236] isr_1conn  1693 ISR_MSG_AUW  320  2  
[2018/05/22 12:57:12 247] isr_1conn  1693 ISR_MSG_AUW  320  2  
[2018/05/22 12:57:12 257] isr_1conn  1693 ISR_MSG_AUW  320  2  
[2018/05/22 12:57:12 267] isr_1conn  1693 ISR_MSG_AUW  320  2  
[2018/05/22 12:57:12 277] isr_1conn  1693 ISR_MSG_AUW  320  2  
[2018/05/22 12:57:12 277] isr_1conn  239  netperf:  10  
[2018/05/22 12:57:12 287] isr_1conn  1693 ISR_MSG_AUW  320  2  
[2018/05/22 12:57:12 298] isr_1conn  1693 ISR_MSG_AUW  320  2  
[2018/05/22 12:57:12 308] isr_1conn  1693 ISR_MSG_AUW  320  2  
[2018/05/22 12:57:12 318] isr_1conn  1693 ISR_MSG_AUW  320  2  
[2018/05/22 12:57:12 328] isr_1conn  1693 ISR_MSG_AUW  320  2  
[2018/05/22 12:57:12 338] isr_1conn  1693 ISR_MSG_AUW  320  2  
[2018/05/22 12:57:12 349] isr_1conn  1693 ISR_MSG_AUW  320  2  
[2018/05/22 12:57:12 358] isr_1conn  1693 ISR_MSG_AUW  320  2  
[2018/05/22 12:57:12 368] isr_1conn  1693 ISR_MSG_AUW  320  2  
[2018/05/22 12:57:12 380] isr_1conn  1693 ISR_MSG_AUW  320  2  
[2018/05/22 12:57:12 389] isr_1conn  1693 ISR_MSG_AUW  320  2  
[2018/05/22 12:57:12 400] isr_1conn  1693 ISR_MSG_AUW  320  2  
[2018/05/22 12:57:12 410] isr_1conn  1693 ISR_MSG_AUW  320  2  
[2018/05/22 12:57:12 411] isr_1conn  1693 ISR_MSG_AUW  320  2  
[2018/05/22 12:57:12 419] isr_1conn  1693 ISR_MSG_AUW  320  2  
[2018/05/22 12:57:12 430] isr_1conn  1693 ISR_MSG_AUW  320  2  
[2018/05/22 12:57:12 440] isr_1conn  1693 ISR_MSG_AUW  320  2  
[2018/05/22 12:57:12 451] isr_1conn  1693 ISR_MSG_AUW  320  2  
[2018/05/22 12:57:12 461] isr_1conn  1693 ISR_MSG_AUW  320  2  
[2018/05/22 12:57:12 471] isr_1conn  1693 ISR_MSG_AUW  320  2  
[2018/05/22 12:57:12 480] isr_1conn  1693 ISR_MSG_AUW  320  2  
[2018/05/22 12:57:12 490] isr_1conn  1693 ISR_MSG_AUW  320  2  
[2018/05/22 12:57:12 501] isr_1conn  1693 ISR_MSG_AUW  320  2  
[2018/05/22 12:57:12 511] isr_1conn  1693 ISR_MSG_AUW  320  2  
[2018/05/22 12:57:12 521] isr_1conn  1693 ISR_MSG_AUW  320  2  
[2018/05/22 12:57:12 531] isr_1conn  1693 ISR_MSG_AUW  320  2  
[2018/05/22 12:57:12 541] isr_1conn  1693 ISR_MSG_AUW  320  2  
[2018/05/22 12:57:12 552] isr_1conn  1693 ISR_MSG_AUW  320  2  
[2018/05/22 12:57:12 562] isr_1conn  1693 ISR_MSG_AUW  320  2  
[2018/05/22 12:57:12 572] isr_1conn  1693 ISR_MSG_AUW  320  2  
[2018/05/22 12:57:12 582] isr_1conn  1693 ISR_MSG_AUW  320  2  
[2018/05/22 12:57:12 591] isr_1conn  239  netperf:  12  
[2018/05/22 12:57:12 592] isr_1conn  1693 ISR_MSG_AUW  320  2  
[2018/05/22 12:57:12 602] isr_1conn  1693 ISR_MSG_AUW  1  4  
[2018/05/22 12:57:12 603] isr_1conn  1800 ISR_MSG_GRSLT  
[2018/05/22 12:57:12 603] isr_1conn  1826 0  2  nil  
[2018/05/22 12:57:12 655] isr_1conn  1800 ISR_MSG_GRSLT  
[2018/05/22 12:57:12 655] isr_1conn  1826 0  2  nil  
[2018/05/22 12:57:12 705] isr_1conn  1800 ISR_MSG_GRSLT  
[2018/05/22 12:57:12 705] isr_1conn  1826 0  2  nil  
[2018/05/22 12:57:12 756] isr_1conn  1800 ISR_MSG_GRSLT  
[2018/05/22 12:57:12 756] isr_1conn  1826 0  2  nil  
[2018/05/22 12:57:12 807] isr_1conn  1800 ISR_MSG_GRSLT  
[2018/05/22 12:57:12 807] isr_1conn  1826 0  2  nil  
[2018/05/22 12:57:12 857] isr_1conn  1800 ISR_MSG_GRSLT  
[2018/05/22 12:57:12 857] isr_1conn  1826 0  2  nil  
[2018/05/22 12:57:12 905] isr_1conn  239  netperf:  15  
[2018/05/22 12:57:12 908] isr_1conn  1800 ISR_MSG_GRSLT  
[2018/05/22 12:57:12 908] isr_1conn  1826 0  2  nil  
[2018/05/22 12:57:12 958] isr_1conn  1800 ISR_MSG_GRSLT  
[2018/05/22 12:57:12 958] isr_1conn  1826 0  2  nil  
[2018/05/22 12:57:13 009] isr_1conn  1800 ISR_MSG_GRSLT  
[2018/05/22 12:57:13 009] isr_1conn  1826 0  2  nil  
[2018/05/22 12:57:13 060] isr_1conn  1800 ISR_MSG_GRSLT  
[2018/05/22 12:57:13 060] isr_1conn  1826 0  2  nil  
[2018/05/22 12:57:13 111] isr_1conn  1800 ISR_MSG_GRSLT  
[2018/05/22 12:57:13 111] isr_1conn  1826 0  2  nil  
[2018/05/22 12:57:13 162] isr_1conn  1800 ISR_MSG_GRSLT  
[2018/05/22 12:57:13 162] isr_1conn  1826 0  2  nil  
[2018/05/22 12:57:13 212] isr_1conn  1800 ISR_MSG_GRSLT  
[2018/05/22 12:57:13 212] isr_1conn  1826 0  2  nil  
[2018/05/22 12:57:13 216] isr_1conn  239  netperf:  17  
[2018/05/22 12:57:13 263] isr_1conn  1800 ISR_MSG_GRSLT  
[2018/05/22 12:57:13 263] isr_1conn  1826 0  2  nil  
[2018/05/22 12:57:13 313] isr_1conn  1800 ISR_MSG_GRSLT  
[2018/05/22 12:57:13 313] isr_1conn  1826 0  2  nil  
[2018/05/22 12:57:13 365] isr_1conn  1800 ISR_MSG_GRSLT  
[2018/05/22 12:57:13 365] isr_1conn  1826 0  2  nil  
[2018/05/22 12:57:13 416] isr_1conn  1800 ISR_MSG_GRSLT  
[2018/05/22 12:57:13 416] isr_1conn  1826 0  2  nil  
[2018/05/22 12:57:13 468] isr_1conn  1800 ISR_MSG_GRSLT  
[2018/05/22 12:57:13 468] isr_1conn  1826 0  2  nil  
[2018/05/22 12:57:13 518] isr_1conn  1800 ISR_MSG_GRSLT  
[2018/05/22 12:57:13 518] isr_1conn  1826 0  2  nil  
[2018/05/22 12:57:13 530] isr_1conn  239  netperf:  10  
[2018/05/22 12:57:13 570] isr_1conn  1800 ISR_MSG_GRSLT  
[2018/05/22 12:57:13 570] isr_1conn  1826 0  2  nil  
[2018/05/22 12:57:13 620] isr_1conn  1800 ISR_MSG_GRSLT  
[2018/05/22 12:57:13 620] isr_1conn  1826 0  2  nil  
[2018/05/22 12:57:13 671] isr_1conn  1800 ISR_MSG_GRSLT  
[2018/05/22 12:57:13 671] isr_1conn  1826 0  2  nil  
[2018/05/22 12:57:13 723] isr_1conn  1800 ISR_MSG_GRSLT  
[2018/05/22 12:57:13 723] isr_1conn  1826 0  2  nil  
[2018/05/22 12:57:13 773] isr_1conn  1800 ISR_MSG_GRSLT  
[2018/05/22 12:57:13 773] isr_1conn  1826 0  2  nil  
[2018/05/22 12:57:13 824] isr_1conn  1800 ISR_MSG_GRSLT  
[2018/05/22 12:57:13 824] isr_1conn  1826 0  2  nil  
[2018/05/22 12:57:13 843] isr_1conn  239  netperf:  12  
[2018/05/22 12:57:13 874] isr_1conn  1800 ISR_MSG_GRSLT  
[2018/05/22 12:57:13 874] isr_1conn  1826 0  2  nil  
[2018/05/22 12:57:13 925] isr_1conn  1800 ISR_MSG_GRSLT  
[2018/05/22 12:57:13 925] isr_1conn  1826 0  2  nil  
[2018/05/22 12:57:13 976] isr_1conn  1800 ISR_MSG_GRSLT  
[2018/05/22 12:57:13 976] isr_1conn  1826 0  2  nil  
[2018/05/22 12:57:14 027] isr_1conn  1800 ISR_MSG_GRSLT  
[2018/05/22 12:57:14 027] isr_1conn  1826 0  2  nil  
[2018/05/22 12:57:14 078] isr_1conn  1800 ISR_MSG_GRSLT  
[2018/05/22 12:57:14 078] isr_1conn  1826 0  2  nil  
[2018/05/22 12:57:14 129] isr_1conn  1800 ISR_MSG_GRSLT  
[2018/05/22 12:57:14 129] isr_1conn  1826 0  2  nil  
[2018/05/22 12:57:14 155] isr_1conn  239  netperf:  15  
[2018/05/22 12:57:14 180] isr_1conn  1800 ISR_MSG_GRSLT  
[2018/05/22 12:57:14 180] isr_1conn  1826 0  2  nil  
[2018/05/22 12:57:14 232] isr_1conn  1800 ISR_MSG_GRSLT  
[2018/05/22 12:57:14 232] isr_1conn  1826 0  2  nil  
[2018/05/22 12:57:14 282] isr_1conn  1800 ISR_MSG_GRSLT  
[2018/05/22 12:57:14 282] isr_1conn  1826 0  2  nil  
[2018/05/22 12:57:14 334] isr_1conn  1800 ISR_MSG_GRSLT  
[2018/05/22 12:57:14 334] isr_1conn  1826 0  2  nil  
[2018/05/22 12:57:14 385] isr_1conn  1800 ISR_MSG_GRSLT  
[2018/05/22 12:57:14 385] isr_1conn  1826 0  2  nil  
[2018/05/22 12:57:14 436] isr_1conn  1800 ISR_MSG_GRSLT  
[2018/05/22 12:57:14 436] isr_1conn  1826 0  2  nil  
[2018/05/22 12:57:14 469] isr_1conn  239  netperf:  17  
[2018/05/22 12:57:14 487] isr_1conn  1800 ISR_MSG_GRSLT  
[2018/05/22 12:57:14 487] isr_1conn  1826 0  2  nil  
[2018/05/22 12:57:14 538] isr_1conn  1800 ISR_MSG_GRSLT  
[2018/05/22 12:57:14 538] isr_1conn  1826 0  2  nil  
[2018/05/22 12:57:14 589] isr_1conn  1800 ISR_MSG_GRSLT  
[2018/05/22 12:57:14 589] isr_1conn  1826 0  2  nil  
[2018/05/22 12:57:14 641] isr_1conn  1800 ISR_MSG_GRSLT  
[2018/05/22 12:57:14 641] isr_1conn  1826 0  2  nil  
[2018/05/22 12:57:14 691] isr_1conn  1800 ISR_MSG_GRSLT  
[2018/05/22 12:57:14 691] isr_1conn  1826 0  2  nil  
[2018/05/22 12:57:14 741] isr_1conn  1800 ISR_MSG_GRSLT  
[2018/05/22 12:57:14 741] isr_1conn  1826 0  2  nil  
[2018/05/22 12:57:14 778] isr_1conn  239  netperf:  10  
[2018/05/22 12:57:14 792] isr_1conn  1800 ISR_MSG_GRSLT  
[2018/05/22 12:57:14 792] isr_1conn  1826 0  2  nil  
[2018/05/22 12:57:14 842] isr_1conn  1800 ISR_MSG_GRSLT  
[2018/05/22 12:57:14 842] isr_1conn  1826 0  2  nil  
[2018/05/22 12:57:14 893] isr_1conn  1800 ISR_MSG_GRSLT  
[2018/05/22 12:57:14 893] isr_1conn  1826 0  2  nil  
[2018/05/22 12:57:14 943] isr_1conn  1800 ISR_MSG_GRSLT  
[2018/05/22 12:57:14 943] isr_1conn  1826 0  2  nil  
[2018/05/22 12:57:14 994] isr_1conn  1800 ISR_MSG_GRSLT  
[2018/05/22 12:57:14 994] isr_1conn  1826 0  2  nil  
[2018/05/22 12:57:15 044] isr_1conn  1800 ISR_MSG_GRSLT  
[2018/05/22 12:57:15 044] isr_1conn  1826 0  2  nil  
[2018/05/22 12:57:15 093] isr_1conn  239  netperf:  12  
[2018/05/22 12:57:15 095] isr_1conn  1800 ISR_MSG_GRSLT  
[2018/05/22 12:57:15 095] isr_1conn  1826 0  2  nil  
[2018/05/22 12:57:15 146] isr_1conn  1800 ISR_MSG_GRSLT  
[2018/05/22 12:57:15 146] isr_1conn  1826 0  2  nil  
[2018/05/22 12:57:15 198] isr_1conn  1800 ISR_MSG_GRSLT  
[2018/05/22 12:57:15 198] isr_1conn  1826 0  2  nil  
[2018/05/22 12:57:15 248] isr_1conn  1800 ISR_MSG_GRSLT  
[2018/05/22 12:57:15 248] isr_1conn  1826 0  2  nil  
[2018/05/22 12:57:15 299] isr_1conn  1800 ISR_MSG_GRSLT  
[2018/05/22 12:57:15 299] isr_1conn  1826 0  2  nil  
[2018/05/22 12:57:15 349] isr_1conn  1800 ISR_MSG_GRSLT  
[2018/05/22 12:57:15 349] isr_1conn  1826 0  2  nil  
[2018/05/22 12:57:15 400] isr_1conn  1800 ISR_MSG_GRSLT  
[2018/05/22 12:57:15 400] isr_1conn  1826 0  2  nil  
[2018/05/22 12:57:15 405] isr_1conn  239  netperf:  15  
[2018/05/22 12:57:15 451] isr_1conn  1800 ISR_MSG_GRSLT  
[2018/05/22 12:57:15 451] isr_1conn  1826 0  2  nil  
[2018/05/22 12:57:15 502] isr_1conn  1800 ISR_MSG_GRSLT  
[2018/05/22 12:57:15 502] isr_1conn  1826 0  2  nil  
[2018/05/22 12:57:15 553] isr_1conn  1800 ISR_MSG_GRSLT  
[2018/05/22 12:57:15 553] isr_1conn  1826 0  2  nil  
[2018/05/22 12:57:15 604] isr_1conn  1800 ISR_MSG_GRSLT  
[2018/05/22 12:57:15 604] isr_1conn  1826 0  2  nil  
[2018/05/22 12:57:15 655] isr_1conn  1800 ISR_MSG_GRSLT  
[2018/05/22 12:57:15 655] isr_1conn  1826 0  2  nil  
[2018/05/22 12:57:15 706] isr_1conn  1800 ISR_MSG_GRSLT  
[2018/05/22 12:57:15 706] isr_1conn  1826 0  2  nil  
[2018/05/22 12:57:15 715] isr_1conn  239  netperf:  17  
[2018/05/22 12:57:15 757] isr_1conn  1800 ISR_MSG_GRSLT  
[2018/05/22 12:57:15 757] isr_1conn  1826 0  2  nil  
[2018/05/22 12:57:15 808] isr_1conn  1800 ISR_MSG_GRSLT  
[2018/05/22 12:57:15 808] isr_1conn  1826 0  2  nil  
[2018/05/22 12:57:15 858] isr_1conn  1800 ISR_MSG_GRSLT  
[2018/05/22 12:57:15 858] isr_1conn  1826 0  2  nil  
[2018/05/22 12:57:15 909] isr_1conn  1800 ISR_MSG_GRSLT  
[2018/05/22 12:57:15 909] isr_1conn  1826 0  2  nil  
[2018/05/22 12:57:15 960] isr_1conn  1800 ISR_MSG_GRSLT  
[2018/05/22 12:57:15 960] isr_1conn  1826 0  2  nil  
[2018/05/22 12:57:16 010] isr_1conn  1800 ISR_MSG_GRSLT  
[2018/05/22 12:57:16 010] isr_1conn  1826 0  2  nil  
[2018/05/22 12:57:16 030] isr_1conn  239  netperf:  10  
[2018/05/22 12:57:16 062] isr_1conn  1800 ISR_MSG_GRSLT  
[2018/05/22 12:57:16 062] isr_1conn  1826 0  2  nil  
[2018/05/22 12:57:16 112] isr_1conn  1800 ISR_MSG_GRSLT  
[2018/05/22 12:57:16 112] isr_1conn  1826 0  2  nil  
[2018/05/22 12:57:16 162] isr_1conn  1800 ISR_MSG_GRSLT  
[2018/05/22 12:57:16 162] isr_1conn  1826 0  2  nil  
[2018/05/22 12:57:16 213] isr_1conn  1800 ISR_MSG_GRSLT  
[2018/05/22 12:57:16 213] isr_1conn  1826 0  2  nil  
[2018/05/22 12:57:16 263] isr_1conn  1800 ISR_MSG_GRSLT  
[2018/05/22 12:57:16 263] isr_1conn  1826 0  2  nil  
[2018/05/22 12:57:16 314] isr_1conn  1800 ISR_MSG_GRSLT  
[2018/05/22 12:57:16 314] isr_1conn  1826 0  2  nil  
[2018/05/22 12:57:16 341] isr_1conn  239  netperf:  12  
[2018/05/22 12:57:16 365] isr_1conn  1800 ISR_MSG_GRSLT  
[2018/05/22 12:57:16 365] isr_1conn  1826 0  2  nil  
[2018/05/22 12:57:16 416] isr_1conn  1800 ISR_MSG_GRSLT  
[2018/05/22 12:57:16 416] isr_1conn  1826 0  2  nil  
[2018/05/22 12:57:16 466] isr_1conn  1800 ISR_MSG_GRSLT  
[2018/05/22 12:57:16 466] isr_1conn  1826 0  2  nil  
[2018/05/22 12:57:16 517] isr_1conn  1800 ISR_MSG_GRSLT  
[2018/05/22 12:57:16 517] isr_1conn  1826 0  2  nil  
[2018/05/22 12:57:16 567] isr_1conn  1800 ISR_MSG_GRSLT  
[2018/05/22 12:57:16 567] isr_1conn  1826 0  2  nil  
[2018/05/22 12:57:16 618] isr_1conn  1800 ISR_MSG_GRSLT  
[2018/05/22 12:57:16 618] isr_1conn  1826 0  2  nil  
[2018/05/22 12:57:16 653] isr_1conn  239  netperf:  15  
[2018/05/22 12:57:16 668] isr_1conn  1800 ISR_MSG_GRSLT  
[2018/05/22 12:57:16 668] isr_1conn  1826 0  2  nil  
[2018/05/22 12:57:16 720] isr_1conn  1800 ISR_MSG_GRSLT  
[2018/05/22 12:57:16 720] isr_1conn  1826 0  2  nil  
[2018/05/22 12:57:16 770] isr_1conn  1800 ISR_MSG_GRSLT  
[2018/05/22 12:57:16 770] isr_1conn  1826 0  2  nil  
[2018/05/22 12:57:16 822] isr_1conn  1800 ISR_MSG_GRSLT  
[2018/05/22 12:57:16 822] isr_1conn  1826 0  2  nil  
[2018/05/22 12:57:16 873] isr_1conn  1800 ISR_MSG_GRSLT  
[2018/05/22 12:57:16 873] isr_1conn  1826 0  2  nil  
[2018/05/22 12:57:16 924] isr_1conn  1800 ISR_MSG_GRSLT  
[2018/05/22 12:57:16 924] isr_1conn  1826 0  2  nil  
[2018/05/22 12:57:16 965] isr_1conn  239  netperf:  17  
[2018/05/22 12:57:16 975] isr_1conn  1800 ISR_MSG_GRSLT  
[2018/05/22 12:57:16 975] isr_1conn  1826 0  2  nil  
[2018/05/22 12:57:17 026] isr_1conn  1800 ISR_MSG_GRSLT  
[2018/05/22 12:57:17 026] isr_1conn  1826 0  2  nil  
[2018/05/22 12:57:17 076] isr_1conn  1800 ISR_MSG_GRSLT  
[2018/05/22 12:57:17 076] isr_1conn  1826 0  2  nil  
[2018/05/22 12:57:17 127] isr_1conn  1800 ISR_MSG_GRSLT  
[2018/05/22 12:57:17 127] isr_1conn  1826 0  2  nil  
[2018/05/22 12:57:17 177] isr_1conn  1800 ISR_MSG_GRSLT  
[2018/05/22 12:57:17 177] isr_1conn  1826 0  2  nil  
[2018/05/22 12:57:17 228] isr_1conn  1800 ISR_MSG_GRSLT  
[2018/05/22 12:57:17 228] isr_1conn  1826 0  2  nil  
[2018/05/22 12:57:17 278] isr_1conn  239  netperf:  10  
[2018/05/22 12:57:17 279] isr_1conn  1800 ISR_MSG_GRSLT  
[2018/05/22 12:57:17 279] isr_1conn  1826 0  2  nil  
[2018/05/22 12:57:17 331] isr_1conn  1800 ISR_MSG_GRSLT  
[2018/05/22 12:57:17 331] isr_1conn  1826 0  2  nil  
[2018/05/22 12:57:17 382] isr_1conn  1800 ISR_MSG_GRSLT  
[2018/05/22 12:57:17 382] isr_1conn  1826 0  2  nil  
[2018/05/22 12:57:17 433] isr_1conn  1800 ISR_MSG_GRSLT  
[2018/05/22 12:57:17 433] isr_1conn  1826 0  2  nil  
[2018/05/22 12:57:17 484] isr_1conn  1800 ISR_MSG_GRSLT  
[2018/05/22 12:57:17 484] isr_1conn  1826 0  2  nil  
[2018/05/22 12:57:17 535] isr_1conn  1800 ISR_MSG_GRSLT  
[2018/05/22 12:57:17 535] isr_1conn  1826 0  2  nil  
[2018/05/22 12:57:17 586] isr_1conn  1800 ISR_MSG_GRSLT  
[2018/05/22 12:57:17 586] isr_1conn  1826 0  2  nil  
[2018/05/22 12:57:17 591] isr_1conn  239  netperf:  12  
[2018/05/22 12:57:17 636] isr_1conn  1800 ISR_MSG_GRSLT  
[2018/05/22 12:57:17 636] isr_1conn  1826 0  2  nil  
[2018/05/22 12:57:17 687] isr_1conn  1800 ISR_MSG_GRSLT  
[2018/05/22 12:57:17 687] isr_1conn  1826 0  2  nil  
[2018/05/22 12:57:17 737] isr_1conn  1800 ISR_MSG_GRSLT  
[2018/05/22 12:57:17 737] isr_1conn  1826 0  2  nil  
[2018/05/22 12:57:17 788] isr_1conn  1800 ISR_MSG_GRSLT  
[2018/05/22 12:57:17 788] isr_1conn  1826 0  2  nil  
[2018/05/22 12:57:17 839] isr_1conn  1800 ISR_MSG_GRSLT  
[2018/05/22 12:57:17 839] isr_1conn  1826 0  2  nil  
[2018/05/22 12:57:17 890] isr_1conn  1800 ISR_MSG_GRSLT  
[2018/05/22 12:57:17 890] isr_1conn  1826 0  2  nil  
[2018/05/22 12:57:17 906] isr_1conn  239  netperf:  15  
[2018/05/22 12:57:17 940] isr_1conn  1800 ISR_MSG_GRSLT  
[2018/05/22 12:57:17 940] isr_1conn  1826 0  2  nil  
[2018/05/22 12:57:17 992] isr_1conn  1800 ISR_MSG_GRSLT  
[2018/05/22 12:57:17 992] isr_1conn  1826 0  2  nil  
[2018/05/22 12:57:18 042] isr_1conn  1800 ISR_MSG_GRSLT  
[2018/05/22 12:57:18 042] isr_1conn  1826 0  2  nil  
[2018/05/22 12:57:18 094] isr_1conn  1800 ISR_MSG_GRSLT  
[2018/05/22 12:57:18 094] isr_1conn  1826 0  2  nil  
[2018/05/22 12:57:18 144] isr_1conn  1800 ISR_MSG_GRSLT  
[2018/05/22 12:57:18 144] isr_1conn  1826 0  2  nil  
[2018/05/22 12:57:18 195] isr_1conn  1800 ISR_MSG_GRSLT  
[2018/05/22 12:57:18 195] isr_1conn  1826 0  2  nil  
[2018/05/22 12:57:18 219] isr_1conn  239  netperf:  17  
[2018/05/22 12:57:18 246] isr_1conn  1800 ISR_MSG_GRSLT  
[2018/05/22 12:57:18 246] isr_1conn  1826 0  2  nil  
[2018/05/22 12:57:18 297] isr_1conn  1800 ISR_MSG_GRSLT  
[2018/05/22 12:57:18 297] isr_1conn  1826 0  2  nil  
[2018/05/22 12:57:18 348] isr_1conn  1800 ISR_MSG_GRSLT  
[2018/05/22 12:57:18 348] isr_1conn  1826 0  2  nil  
[2018/05/22 12:57:18 398] isr_1conn  1800 ISR_MSG_GRSLT  
[2018/05/22 12:57:18 398] isr_1conn  1826 0  2  nil  
[2018/05/22 12:57:18 449] isr_1conn  1800 ISR_MSG_GRSLT  
[2018/05/22 12:57:18 449] isr_1conn  1826 0  2  nil  
[2018/05/22 12:57:18 500] isr_1conn  1800 ISR_MSG_GRSLT  
[2018/05/22 12:57:18 500] isr_1conn  1826 0  2  nil  
[2018/05/22 12:57:18 529] isr_1conn  239  netperf:  10  
[2018/05/22 12:57:18 550] isr_1conn  1800 ISR_MSG_GRSLT  
[2018/05/22 12:57:18 550] isr_1conn  1826 0  2  nil  
[2018/05/22 12:57:18 601] isr_1conn  1800 ISR_MSG_GRSLT  
[2018/05/22 12:57:18 601] isr_1conn  1826 0  2  nil  
[2018/05/22 12:57:18 652] isr_1conn  1800 ISR_MSG_GRSLT  
[2018/05/22 12:57:18 652] isr_1conn  1826 0  2  nil  
[2018/05/22 12:57:18 703] isr_1conn  1800 ISR_MSG_GRSLT  
[2018/05/22 12:57:18 703] isr_1conn  1826 0  2  nil  
[2018/05/22 12:57:18 754] isr_1conn  1800 ISR_MSG_GRSLT  
[2018/05/22 12:57:18 754] isr_1conn  1826 0  2  nil  
[2018/05/22 12:57:18 804] isr_1conn  1800 ISR_MSG_GRSLT  
[2018/05/22 12:57:18 804] isr_1conn  1826 0  2  nil  
[2018/05/22 12:57:18 840] isr_1conn  239  netperf:  12  
[2018/05/22 12:57:18 855] isr_1conn  1800 ISR_MSG_GRSLT  
[2018/05/22 12:57:18 855] isr_1conn  1826 0  2  nil  
[2018/05/22 12:57:18 906] isr_1conn  1800 ISR_MSG_GRSLT  
[2018/05/22 12:57:18 906] isr_1conn  1826 0  2  nil  
[2018/05/22 12:57:18 956] isr_1conn  1800 ISR_MSG_GRSLT  
[2018/05/22 12:57:18 956] isr_1conn  1826 0  2  nil  
[2018/05/22 12:57:19 007] isr_1conn  1800 ISR_MSG_GRSLT  
[2018/05/22 12:57:19 007] isr_1conn  1826 0  2  nil  
[2018/05/22 12:57:19 057] isr_1conn  1800 ISR_MSG_GRSLT  
[2018/05/22 12:57:19 057] isr_1conn  1826 0  2  nil  
[2018/05/22 12:57:19 108] isr_1conn  1800 ISR_MSG_GRSLT  
[2018/05/22 12:57:19 108] isr_1conn  1826 0  2  nil  
[2018/05/22 12:57:19 156] isr_1conn  239  netperf:  15  
[2018/05/22 12:57:19 159] isr_1conn  1800 ISR_MSG_GRSLT  
[2018/05/22 12:57:19 159] isr_1conn  1826 0  2  nil  
[2018/05/22 12:57:19 210] isr_1conn  1800 ISR_MSG_GRSLT  
[2018/05/22 12:57:19 210] isr_1conn  1826 0  2  nil  
[2018/05/22 12:57:19 261] isr_1conn  1800 ISR_MSG_GRSLT  
[2018/05/22 12:57:19 261] isr_1conn  1826 0  2  nil  
[2018/05/22 12:57:19 312] isr_1conn  1800 ISR_MSG_GRSLT  
[2018/05/22 12:57:19 312] isr_1conn  1826 0  2  nil  
[2018/05/22 12:57:19 362] isr_1conn  1800 ISR_MSG_GRSLT  
[2018/05/22 12:57:19 362] isr_1conn  1826 0  2  nil  
[2018/05/22 12:57:19 413] isr_1conn  1800 ISR_MSG_GRSLT  
[2018/05/22 12:57:19 413] isr_1conn  1826 0  2  nil  
[2018/05/22 12:57:19 464] isr_1conn  1800 ISR_MSG_GRSLT  
[2018/05/22 12:57:19 464] isr_1conn  1826 0  2  nil  
[2018/05/22 12:57:19 468] isr_1conn  239  netperf:  17  
[2018/05/22 12:57:19 515] isr_1conn  1800 ISR_MSG_GRSLT  
[2018/05/22 12:57:19 515] isr_1conn  1826 0  2  nil  
[2018/05/22 12:57:19 565] isr_1conn  1800 ISR_MSG_GRSLT  
[2018/05/22 12:57:19 565] isr_1conn  1826 0  2  nil  
[2018/05/22 12:57:19 617] isr_1conn  1800 ISR_MSG_GRSLT  
[2018/05/22 12:57:19 617] isr_1conn  1826 0  2  nil  
[2018/05/22 12:57:19 667] isr_1conn  1800 ISR_MSG_GRSLT  
[2018/05/22 12:57:19 667] isr_1conn  1826 0  2  nil  
[2018/05/22 12:57:19 718] isr_1conn  1800 ISR_MSG_GRSLT  
[2018/05/22 12:57:19 718] isr_1conn  1826 0  2  nil  
[2018/05/22 12:57:19 769] isr_1conn  1800 ISR_MSG_GRSLT  
[2018/05/22 12:57:19 769] isr_1conn  1826 0  2  nil  
[2018/05/22 12:57:19 778] isr_1conn  239  netperf:  10  
[2018/05/22 12:57:19 820] isr_1conn  1800 ISR_MSG_GRSLT  
[2018/05/22 12:57:19 820] isr_1conn  1826 0  2  nil  
[2018/05/22 12:57:19 870] isr_1conn  1800 ISR_MSG_GRSLT  
[2018/05/22 12:57:19 870] isr_1conn  1826 0  2  nil  
[2018/05/22 12:57:19 922] isr_1conn  1800 ISR_MSG_GRSLT  
[2018/05/22 12:57:19 922] isr_1conn  1826 0  2  nil  
[2018/05/22 12:57:19 973] isr_1conn  1800 ISR_MSG_GRSLT  
[2018/05/22 12:57:19 973] isr_1conn  1826 0  2  nil  
[2018/05/22 12:57:20 023] isr_1conn  1800 ISR_MSG_GRSLT  
[2018/05/22 12:57:20 023] isr_1conn  1826 0  2  nil  
[2018/05/22 12:57:20 074] isr_1conn  1800 ISR_MSG_GRSLT  
[2018/05/22 12:57:20 074] isr_1conn  1826 0  2  nil  
[2018/05/22 12:57:20 093] isr_1conn  239  netperf:  12  
[2018/05/22 12:57:20 125] isr_1conn  1800 ISR_MSG_GRSLT  
[2018/05/22 12:57:20 125] isr_1conn  1826 0  2  nil  
[2018/05/22 12:57:20 175] isr_1conn  1800 ISR_MSG_GRSLT  
[2018/05/22 12:57:20 175] isr_1conn  1826 0  2  nil  
[2018/05/22 12:57:20 226] isr_1conn  1800 ISR_MSG_GRSLT  
[2018/05/22 12:57:20 226] isr_1conn  1826 0  2  nil  
[2018/05/22 12:57:20 277] isr_1conn  1800 ISR_MSG_GRSLT  
[2018/05/22 12:57:20 277] isr_1conn  1826 0  2  nil  
[2018/05/22 12:57:20 328] isr_1conn  1800 ISR_MSG_GRSLT  
[2018/05/22 12:57:20 328] isr_1conn  1826 0  2  nil  
[2018/05/22 12:57:20 379] isr_1conn  1800 ISR_MSG_GRSLT  
[2018/05/22 12:57:20 379] isr_1conn  1826 0  2  nil  
[2018/05/22 12:57:20 402] isr_1conn  239  netperf:  15  
[2018/05/22 12:57:20 430] isr_1conn  1800 ISR_MSG_GRSLT  
[2018/05/22 12:57:20 430] isr_1conn  1826 0  2  nil  
[2018/05/22 12:57:20 481] isr_1conn  1800 ISR_MSG_GRSLT  
[2018/05/22 12:57:20 481] isr_1conn  1826 0  2  nil  
[2018/05/22 12:57:20 532] isr_1conn  1800 ISR_MSG_GRSLT  
[2018/05/22 12:57:20 532] isr_1conn  1826 0  2  nil  
[2018/05/22 12:57:20 582] isr_1conn  1800 ISR_MSG_GRSLT  
[2018/05/22 12:57:20 582] isr_1conn  1826 0  2  nil  
[2018/05/22 12:57:20 634] isr_1conn  1800 ISR_MSG_GRSLT  
[2018/05/22 12:57:20 641] isr_1conn  1826 0  2  nil  
[2018/05/22 12:57:20 692] isr_1conn  1800 ISR_MSG_GRSLT  
[2018/05/22 12:57:20 692] isr_1conn  1826 0  2  nil  
[2018/05/22 12:57:20 716] isr_1conn  239  netperf:  17  
[2018/05/22 12:57:20 743] isr_1conn  1800 ISR_MSG_GRSLT  
[2018/05/22 12:57:20 743] isr_1conn  1826 0  2  nil  
[2018/05/22 12:57:20 794] isr_1conn  1800 ISR_MSG_GRSLT  
[2018/05/22 12:57:20 794] isr_1conn  1826 0  2  nil  
[2018/05/22 12:57:20 845] isr_1conn  1800 ISR_MSG_GRSLT  
[2018/05/22 12:57:20 845] isr_1conn  1826 0  2  nil  
[2018/05/22 12:57:20 896] isr_1conn  1800 ISR_MSG_GRSLT  
[2018/05/22 12:57:20 896] isr_1conn  1826 0  2  nil  
[2018/05/22 12:57:20 948] isr_1conn  1800 ISR_MSG_GRSLT  
[2018/05/22 12:57:20 948] isr_1conn  1826 0  2  nil  
[2018/05/22 12:57:20 998] isr_1conn  1800 ISR_MSG_GRSLT  
[2018/05/22 12:57:20 998] isr_1conn  1826 0  2  nil  
[2018/05/22 12:57:21 030] isr_1conn  239  netperf:  10  
[2018/05/22 12:57:21 049] isr_1conn  1800 ISR_MSG_GRSLT  
[2018/05/22 12:57:21 049] isr_1conn  1826 0  2  nil  
[2018/05/22 12:57:21 100] isr_1conn  1800 ISR_MSG_GRSLT  
[2018/05/22 12:57:21 100] isr_1conn  1826 0  2  nil  
[2018/05/22 12:57:21 150] isr_1conn  1800 ISR_MSG_GRSLT  
[2018/05/22 12:57:21 150] isr_1conn  1826 0  2  nil  
[2018/05/22 12:57:21 201] isr_1conn  1800 ISR_MSG_GRSLT  
[2018/05/22 12:57:21 201] isr_1conn  1826 0  2  nil  
[2018/05/22 12:57:21 251] isr_1conn  1800 ISR_MSG_GRSLT  
[2018/05/22 12:57:21 251] isr_1conn  1826 0  2  nil  
[2018/05/22 12:57:21 301] isr_1conn  1800 ISR_MSG_GRSLT  
[2018/05/22 12:57:21 301] isr_1conn  1826 0  2  nil  
[2018/05/22 12:57:21 340] isr_1conn  239  netperf:  12  
[2018/05/22 12:57:21 352] isr_1conn  1800 ISR_MSG_GRSLT  
[2018/05/22 12:57:21 352] isr_1conn  1826 0  2  nil  
[2018/05/22 12:57:21 402] isr_1conn  1800 ISR_MSG_GRSLT  
[2018/05/22 12:57:21 402] isr_1conn  1826 0  2  nil  
[2018/05/22 12:57:21 452] isr_1conn  1800 ISR_MSG_GRSLT  
[2018/05/22 12:57:21 452] isr_1conn  1826 0  2  nil  
[2018/05/22 12:57:21 503] isr_1conn  1800 ISR_MSG_GRSLT  
[2018/05/22 12:57:21 503] isr_1conn  1826 0  2  nil  
[2018/05/22 12:57:21 554] isr_1conn  1800 ISR_MSG_GRSLT  
[2018/05/22 12:57:21 554] isr_1conn  1826 0  2  nil  
[2018/05/22 12:57:21 604] isr_1conn  1800 ISR_MSG_GRSLT  
[2018/05/22 12:57:21 604] isr_1conn  1826 0  2  nil  
[2018/05/22 12:57:21 655] isr_1conn  239  netperf:  15  
[2018/05/22 12:57:21 655] isr_1conn  1800 ISR_MSG_GRSLT  
[2018/05/22 12:57:21 655] isr_1conn  1826 0  2  nil  
[2018/05/22 12:57:21 707] isr_1conn  1800 ISR_MSG_GRSLT  
[2018/05/22 12:57:21 707] isr_1conn  1826 0  2  nil  
[2018/05/22 12:57:21 758] isr_1conn  1800 ISR_MSG_GRSLT  
[2018/05/22 12:57:21 758] isr_1conn  1826 0  2  nil  
[2018/05/22 12:57:21 808] isr_1conn  1800 ISR_MSG_GRSLT  
[2018/05/22 12:57:21 808] isr_1conn  1826 0  2  nil  
[2018/05/22 12:57:21 859] isr_1conn  1800 ISR_MSG_GRSLT  
[2018/05/22 12:57:21 859] isr_1conn  1826 0  2  nil  
[2018/05/22 12:57:21 909] isr_1conn  1800 ISR_MSG_GRSLT  
[2018/05/22 12:57:21 909] isr_1conn  1826 0  2  nil  
[2018/05/22 12:57:21 960] isr_1conn  1800 ISR_MSG_GRSLT  
[2018/05/22 12:57:21 960] isr_1conn  1826 0  2  nil  
[2018/05/22 12:57:21 965] isr_1conn  239  netperf:  17  
[2018/05/22 12:57:22 010] isr_1conn  1800 ISR_MSG_GRSLT  
[2018/05/22 12:57:22 010] isr_1conn  1826 0  2  nil  
[2018/05/22 12:57:22 061] isr_1conn  1800 ISR_MSG_GRSLT  
[2018/05/22 12:57:22 061] isr_1conn  1826 0  2  nil  
[2018/05/22 12:57:22 112] isr_1conn  1800 ISR_MSG_GRSLT  
[2018/05/22 12:57:22 112] isr_1conn  1826 0  2  nil  
[2018/05/22 12:57:22 162] isr_1conn  1800 ISR_MSG_GRSLT  
[2018/05/22 12:57:22 162] isr_1conn  1826 0  2  nil  
[2018/05/22 12:57:22 213] isr_1conn  1800 ISR_MSG_GRSLT  
[2018/05/22 12:57:22 213] isr_1conn  1826 0  2  nil  
[2018/05/22 12:57:22 264] isr_1conn  1800 ISR_MSG_GRSLT  
[2018/05/22 12:57:22 264] isr_1conn  1826 0  2  nil  
[2018/05/22 12:57:22 280] isr_1conn  239  netperf:  10  
[2018/05/22 12:57:22 315] isr_1conn  1800 ISR_MSG_GRSLT  
[2018/05/22 12:57:22 315] isr_1conn  1826 0  2  nil  
[2018/05/22 12:57:22 366] isr_1conn  1800 ISR_MSG_GRSLT  
[2018/05/22 12:57:22 366] isr_1conn  1826 0  2  nil  
[2018/05/22 12:57:22 417] isr_1conn  1800 ISR_MSG_GRSLT  
[2018/05/22 12:57:22 417] isr_1conn  1826 0  2  nil  
[2018/05/22 12:57:22 468] isr_1conn  1800 ISR_MSG_GRSLT  
[2018/05/22 12:57:22 468] isr_1conn  1826 0  2  nil  
[2018/05/22 12:57:22 518] isr_1conn  1800 ISR_MSG_GRSLT  
[2018/05/22 12:57:22 518] isr_1conn  1826 0  2  nil  
[2018/05/22 12:57:22 570] isr_1conn  1800 ISR_MSG_GRSLT  
[2018/05/22 12:57:22 570] isr_1conn  1826 0  2  nil  
[2018/05/22 12:57:22 593] isr_1conn  239  netperf:  12  
[2018/05/22 12:57:22 620] isr_1conn  1800 ISR_MSG_GRSLT  
[2018/05/22 12:57:22 620] isr_1conn  1826 0  2  nil  
[2018/05/22 12:57:22 671] isr_1conn  1800 ISR_MSG_GRSLT  
[2018/05/22 12:57:22 671] isr_1conn  1826 0  2  nil  
[2018/05/22 12:57:22 721] isr_1conn  1800 ISR_MSG_GRSLT  
[2018/05/22 12:57:22 721] isr_1conn  1826 0  2  nil  
[2018/05/22 12:57:22 772] isr_1conn  1800 ISR_MSG_GRSLT  
[2018/05/22 12:57:22 772] isr_1conn  1826 0  2  nil  
[2018/05/22 12:57:22 823] isr_1conn  1800 ISR_MSG_GRSLT  
[2018/05/22 12:57:22 823] isr_1conn  1826 0  2  nil  
[2018/05/22 12:57:22 873] isr_1conn  1800 ISR_MSG_GRSLT  
[2018/05/22 12:57:22 873] isr_1conn  1826 0  2  nil  
[2018/05/22 12:57:22 903] isr_1conn  239  netperf:  15  
[2018/05/22 12:57:22 924] isr_1conn  1800 ISR_MSG_GRSLT  
[2018/05/22 12:57:22 924] isr_1conn  1826 0  2  nil  
[2018/05/22 12:57:22 975] isr_1conn  1800 ISR_MSG_GRSLT  
[2018/05/22 12:57:22 975] isr_1conn  1826 0  2  nil  
[2018/05/22 12:57:23 026] isr_1conn  1800 ISR_MSG_GRSLT  
[2018/05/22 12:57:23 026] isr_1conn  1826 0  2  nil  
[2018/05/22 12:57:23 076] isr_1conn  1800 ISR_MSG_GRSLT  
[2018/05/22 12:57:23 076] isr_1conn  1826 0  2  nil  
[2018/05/22 12:57:23 127] isr_1conn  1800 ISR_MSG_GRSLT  
[2018/05/22 12:57:23 127] isr_1conn  1826 0  2  nil  
[2018/05/22 12:57:23 179] isr_1conn  1800 ISR_MSG_GRSLT  
[2018/05/22 12:57:23 179] isr_1conn  1826 0  2  nil  
[2018/05/22 12:57:23 218] isr_1conn  239  netperf:  17  
[2018/05/22 12:57:23 230] isr_1conn  1800 ISR_MSG_GRSLT  
[2018/05/22 12:57:23 230] isr_1conn  1826 0  2  nil  
[2018/05/22 12:57:23 280] isr_1conn  1800 ISR_MSG_GRSLT  
[2018/05/22 12:57:23 280] isr_1conn  1826 0  2  nil  
[2018/05/22 12:57:23 331] isr_1conn  1800 ISR_MSG_GRSLT  
[2018/05/22 12:57:23 331] isr_1conn  1826 0  2  nil  
[2018/05/22 12:57:23 382] isr_1conn  1800 ISR_MSG_GRSLT  
[2018/05/22 12:57:23 382] isr_1conn  1826 0  2  nil  
[2018/05/22 12:57:23 433] isr_1conn  1800 ISR_MSG_GRSLT  
[2018/05/22 12:57:23 433] isr_1conn  1826 0  2  nil  
[2018/05/22 12:57:23 484] isr_1conn  1800 ISR_MSG_GRSLT  
[2018/05/22 12:57:23 484] isr_1conn  1826 0  2  nil  
[2018/05/22 12:57:23 528] isr_1conn  239  netperf:  10  
[2018/05/22 12:57:23 535] isr_1conn  1800 ISR_MSG_GRSLT  
[2018/05/22 12:57:23 535] isr_1conn  1826 0  2  nil  
[2018/05/22 12:57:23 586] isr_1conn  1800 ISR_MSG_GRSLT  
[2018/05/22 12:57:23 586] isr_1conn  1826 0  2  nil  
[2018/05/22 12:57:23 637] isr_1conn  1800 ISR_MSG_GRSLT  
[2018/05/22 12:57:23 637] isr_1conn  1826 0  2  nil  
[2018/05/22 12:57:23 688] isr_1conn  1800 ISR_MSG_GRSLT  
[2018/05/22 12:57:23 688] isr_1conn  1826 0  2  nil  
[2018/05/22 12:57:23 739] isr_1conn  1800 ISR_MSG_GRSLT  
[2018/05/22 12:57:23 739] isr_1conn  1826 0  2  nil  
[2018/05/22 12:57:23 790] isr_1conn  1800 ISR_MSG_GRSLT  
[2018/05/22 12:57:23 790] isr_1conn  1826 0  2  nil  
[2018/05/22 12:57:23 841] isr_1conn  239  netperf:  12  
[2018/05/22 12:57:23 841] isr_1conn  1800 ISR_MSG_GRSLT  
[2018/05/22 12:57:23 841] isr_1conn  1826 0  2  nil  
[2018/05/22 12:57:23 892] isr_1conn  1800 ISR_MSG_GRSLT  
[2018/05/22 12:57:23 892] isr_1conn  1826 0  2  nil  
[2018/05/22 12:57:23 942] isr_1conn  1800 ISR_MSG_GRSLT  
[2018/05/22 12:57:23 942] isr_1conn  1826 0  2  nil  
[2018/05/22 12:57:23 993] isr_1conn  1800 ISR_MSG_GRSLT  
[2018/05/22 12:57:23 993] isr_1conn  1826 0  2  nil  
[2018/05/22 12:57:24 044] isr_1conn  1800 ISR_MSG_GRSLT  
[2018/05/22 12:57:24 044] isr_1conn  1826 0  2  nil  
[2018/05/22 12:57:24 095] isr_1conn  1800 ISR_MSG_GRSLT  
[2018/05/22 12:57:24 095] isr_1conn  1826 0  2  nil  
[2018/05/22 12:57:24 146] isr_1conn  1800 ISR_MSG_GRSLT  
[2018/05/22 12:57:24 146] isr_1conn  1826 0  2  nil  
[2018/05/22 12:57:24 153] isr_1conn  239  netperf:  15  
[2018/05/22 12:57:24 153] transport  278  soc_conn_failed  
[2018/05/22 12:57:24 153] network    85   iptoenv ,  ipcache  dev.voicecloud.cn  def  nil  
[2018/05/22 12:57:24 154] transport  347  switch 80  
[2018/05/22 12:57:24 154] transport  366  MSC:[soc] [0] conn timeout!  
[2018/05/22 12:57:24 154] transport  1054 [soc] disconnect   
[2018/05/22 12:57:24 179] transport  369  soc_conn_timeout, try2conn_times =  1  
[2018/05/22 12:57:24 180] network    80   ipfromenv ,  ipcache  dev.voicecloud.cn  def  nil  
[2018/05/22 12:57:24 180] transport  930  try preferred port:  80  
[2018/05/22 12:57:24 180] transport  948  ns_i =  nil  
[2018/05/22 12:57:24 189] transport  137  [dns] [0] response 42.62.116.18  
[2018/05/22 12:57:24 189] transport  145  42  62  116  18  
[2018/05/22 12:57:24 189] transport  181  ip front is  42.62.116  
[2018/05/22 12:57:24 189] transport  226  expected ip  
[2018/05/22 12:57:24 189] network    85   iptoenv ,  ipcache  dev.voicecloud.cn  def  42.62.116.18  
[2018/05/22 12:57:24 190] transport  1023 [soc] connect   42.62.116.18  80  
[2018/05/22 12:57:24 214] isr_1conn  1800 ISR_MSG_GRSLT  
[2018/05/22 12:57:24 214] isr_1conn  1826 0  2  nil  
[2018/05/22 12:57:24 254] transport  419  [soc] [0] connected  
[2018/05/22 12:57:24 254] isr_1conn  1001 send ssb request  
[2018/05/22 12:57:24 254] isr_1conn  685  using loginid  
[2018/05/22 12:57:24 254] isr_1conn  710  lver:  nil  
[2018/05/22 12:57:24 255] isr_1conn  1077 [session] send 1th audio  
[2018/05/22 12:57:24 255] isr_1conn  1079 totalsz =   11895  
[2018/05/22 12:57:24 255] isr_1conn  1082 start netperf_fs_timer  
[2018/05/22 12:57:24 255] isr_1conn  1089 [session] send last audio!  
[2018/05/22 12:57:24 255] isr_1conn  1101 send rslt request  
[2018/05/22 12:57:24 255] transport  1075 build http request.  
[2018/05/22 12:57:24 256] transport  1177 POST /msp.do HTTP/1.1
Host: dev.voicecloud.cn
Content-Type: multipart/mixed;boundary=--
Content-Length: 472
User-Agent: iFLYCloud
Cache-Control: no-cache
Accept: */*

----
CL:218
CT:text/plain

ver=MSSP+0%2E9&sub=iat&cmd=ssb&ssm=1&auf=audio%2FL16%3Brate%3D16000&cver=5%2E0%2E7%2E1072&net%5Ftype=wifi&csid=cisr1PdHHBHcmzBv%2DGBKH3C2klsCktjmEo&key=0ekT/KgQg8uemNh^0fgWWsamGMPmrlA0cCuHPbOkURI^xzTMirmS8ZG7hz2zpFESPs
----
CL:160
CT:text/params
CE:gzip,encrypt/0.2

9!cUjThd;xjzN1#D"t4SHCisG?8.X~ktH	xD-]+W$o\Qpr4nU 9G;A)r9!+qJ24c\S  
[2018/05/22 12:57:24 256] transport  1075 build http request.  
[2018/05/22 12:57:24 256] transport  1177 POST /msp.do HTTP/1.1
Host: dev.voicecloud.cn
Content-Type: multipart/mixed;boundary=--
Content-Length: 12184
User-Agent: iFLYCloud
Cache-Control: no-cache
Accept: */*

----
CL:171
CT:text/plain

ver=MSSP+0%2E9&sub=iat&cmd=auw&aus=5&cver=5%2E0%2E7%2E1072&csid=cisr1PdHHBHcmzBv%2DGBKH3C2klsCktjmEo&key=0ekT/KgQg8uemNh^0fgWWsamGMPmrlA0cCuHPbOkURI^zQsklEZFIT1bhz2zpFESPs
----
CL:11904
CT:audio/L16;rate=16000
CE:speex-wb,encrypt/0.2

Qg0%=&d%i|h=E`}{b	t=!cXWlg<?sJGMy<P`  
[2018/05/22 12:57:24 256] transport  1075 build http request.  
[2018/05/22 12:57:24 257] transport  1177 POST /msp.do HTTP/1.1
Host: dev.voicecloud.cn
Content-Type: text/plain
Content-Length: 165
User-Agent: iFLYCloud
Cache-Control: no-cache
Accept: */*

ver=MSSP+0%2E9&sub=iat&cmd=grs&cver=5%2E0%2E7%2E1072&csid=cisr1PdHHBHcmzBv%2DGBKH3C2klsCktjmEo&key=0ekT/KgQg8uemNh^0fgWWsamGMPmrlA0cCuHPbOkURI^zNre7G7TlT0rhz2zpFESPs  
[2018/05/22 12:57:24 257] transport  441  [soc] [0] send ok  647  
[2018/05/22 12:57:24 257] transport  441  [soc] [0] send ok  12361  
[2018/05/22 12:57:24 257] transport  441  [soc] [0] send ok  323  
[2018/05/22 12:57:24 265] isr_1conn  1800 ISR_MSG_GRSLT  
[2018/05/22 12:57:24 265] isr_1conn  1826 0  2  nil  
[2018/05/22 12:57:24 304] transport  450  [soc] [0] readable  
[2018/05/22 12:57:24 304] transport  1446 HTTP/1.1 200 OK
Content-Type: text/plain
Content-Length: 173
X-Req-Date: 2018/05/22 12:57:24 273
Cache-Control: no-cache
CL: 173
X-Res-Date: 2018/05/22 12:57:24 283

ver=MSSP+0%2E9&ret=0&cver=5%2E0%2E7%2E1072&uid=d5488638128&key=0fKIoDI7aOJ3vUo37wzEwmwwB9eAo8IYjL6J4aRhIBA6g^HBywnTxKrWB^b5BikTzhJrpps^RLGAnpC^B0qrynnxmhs5T9hkCh6QvgdKq8p58=  
[2018/05/22 12:57:24 304] transport  1196 a_complete_httpmessage  200  
[2018/05/22 12:57:24 304] transport  1305 is_update  true  
[2018/05/22 12:57:24 304] transport  1307 port updated  80  
[2018/05/22 12:57:24 304] transport  1309 switch  80  
[2018/05/22 12:57:24 304] isr_1conn  357  [trans] [isr_1conncisr1PdHHBHcmzBv-GBKH3C2klsCktjmEo] readable  
[2018/05/22 12:57:24 304] isr_1conn  386  response  
[2018/05/22 12:57:24 304] isr_1conn  415  resp_syncid =  0  
[2018/05/22 12:57:24 304] ntp        10   ntp_process enter  
[2018/05/22 12:57:24 304] ntp        53   ntp delay_rtt=  40  , offset =   0.348  
[2018/05/22 12:57:24 305] isr_1conn  433  sid =   iat12d50897@dx004d0e5eef346f0b00  
[2018/05/22 12:57:24 305] isr_1conn  443  time cost by session begin command:  47  .  
[2018/05/22 12:57:24 305] isr_1conn  447  netperf:  45  
[2018/05/22 12:57:24 305] isr_1conn  479  0  2  2  3  
[2018/05/22 12:57:24 305] isr_1conn  1101 send rslt request  
[2018/05/22 12:57:24 305] transport  1075 build http request.  
[2018/05/22 12:57:24 305] transport  1177 POST /msp.do HTTP/1.1
Host: dev.voicecloud.cn
Content-Type: text/plain
Content-Length: 167
User-Agent: iFLYCloud
Cache-Control: no-cache
Accept: */*

ver=MSSP+0%2E9&sub=iat&cmd=grs&cver=5%2E0%2E7%2E1072&key=0fKIoDI7aOJ3vUo37wzEwmwwB9eAo8IYjL6J4aRhIBA6g^HBywnTxKrWB^b5BikTzhJrpps^RLGAnpC^B0qrynn/weuiqmNJb/6QvgdKq8p58=  
[2018/05/22 12:57:24 305] transport  441  [soc] [0] send ok  325  
[2018/05/22 12:57:24 316] isr_1conn  1800 ISR_MSG_GRSLT  
[2018/05/22 12:57:24 316] isr_1conn  1826 0  2  nil  
[2018/05/22 12:57:24 367] isr_1conn  1800 ISR_MSG_GRSLT  
[2018/05/22 12:57:24 367] isr_1conn  1826 0  2  nil  
[2018/05/22 12:57:24 418] isr_1conn  1800 ISR_MSG_GRSLT  
[2018/05/22 12:57:24 418] isr_1conn  1826 0  2  nil  
[2018/05/22 12:57:24 469] isr_1conn  1800 ISR_MSG_GRSLT  
[2018/05/22 12:57:24 469] isr_1conn  1826 0  2  nil  
[2018/05/22 12:57:24 479] transport  450  [soc] [0] readable  
[2018/05/22 12:57:24 479] transport  1446 HTTP/1.1 200 OK
Content-Type: multipart/mixed;boundary=--
Content-Length: 699
X-Req-Date: 2018/05/22 12:57:24 283
Cache-Control: no-cache
CL: 699
X-Res-Date: 2018/05/22 12:57:24 462

----
Content-Length:175

ver=MSSP+0%2E9&ret=0&cver=5%2E0%2E7%2E1072&rss=0&eps=3&rcs=2&key=0fKIoDI7aOJ3vUo37wzEwmwwB9eAo8IYjL6J4aRhIBA6g^HBywnTxKrWB^b5BikTzhJrpps^RLGAnpC^B0qrynn8irsDHtuaHn6QvgdKq8p58=
----
Content-Length:384
Content-Type:binary/recresult;charset=utf8
Content-Encoding:encrypt/0.2

 %KKSEKKSYEKKSYEKKS2KKSXEK
KS2K
KSYGYEKKSKK4EK;^S2K
KSYGYEKKSKK4EKKSXEK
KS2K
KSYGYEKKSKK4EKKSXEK
-5VKSYGYEKKSKK4EKKSXEK
KS2K
KSYGYEKKSKK4EKKSXEK
KS2K*&2kKKSKK4EKKSXEK
KS2K
KSYGYEKKSKK4EKKSXEK
KS2K
KXBb7ySKK4EKKSXEK
KS2K
KSYGYEKKSKK44{  
[2018/05/22 12:57:24 479] transport  1196 a_complete_httpmessage  200  
[2018/05/22 12:57:24 479] isr_1conn  357  [trans] [isr_1conncisr1PdHHBHcmzBv-GBKH3C2klsCktjmEo] readable  
[2018/05/22 12:57:24 479] isr_1conn  361  size =   11895  
[2018/05/22 12:57:24 479] isr_1conn  369  send_ok_num, timer_num, send_average =   11895  1  11895  
[2018/05/22 12:57:24 480] isr_1conn  372  netperf =   90  
[2018/05/22 12:57:24 480] isr_1conn  376  start netperf_grs_timer  
[2018/05/22 12:57:24 480] isr_1conn  386  response  
[2018/05/22 12:57:24 480] isr_1conn  415  resp_syncid =  1  
[2018/05/22 12:57:24 480] isr_1conn  578  1  0  2  
[2018/05/22 12:57:24 480] isr_1conn  605  [session] got 1th result  
[2018/05/22 12:57:24 480] isr_1conn  621  time from first audio to first result:  219  .  
[2018/05/22 12:57:24 489] transport  450  [soc] [0] readable  
[2018/05/22 12:57:24 489] transport  1446 HTTP/1.1 200 OK
Content-Type: multipart/mixed;boundary=--
Content-Length: 390
X-Req-Date: 2018/05/22 12:57:24 462
Cache-Control: no-cache
CL: 390
X-Res-Date: 2018/05/22 12:57:24 467

----
Content-Length:163

ver=MSSP+0%2E9&ret=0&cver=5%2E0%2E7%2E1072&rss=5&key=0fKIoDI7aOJ3vUo37wzEwmwwB9eAo8IYjL6J4aRhIBA6g^HBywnTxKrWB^b5BikTzhJrpps^RLGAnpC^B0qrynn4ONsu/TuvMh6QvgdKq8p58=
----
Content-Length:88
Content-Type:binary/recresult;charset=utf8
Content-Encoding:encrypt/0.2

'c7a?KKSEKKSYEKKSYEKKS2KKSYEK
KS2K
KSYGYEKKSKK44  
[2018/05/22 12:57:24 489] transport  1196 a_complete_httpmessage  200  
[2018/05/22 12:57:24 489] isr_1conn  357  [trans] [isr_1conncisr1PdHHBHcmzBv-GBKH3C2klsCktjmEo] readable  
[2018/05/22 12:57:24 489] isr_1conn  386  response  
[2018/05/22 12:57:24 489] isr_1conn  415  resp_syncid =  2  
[2018/05/22 12:57:24 489] isr_1conn  578  2  5  2  
[2018/05/22 12:57:24 489] isr_1conn  583  [session] got last result  
[2018/05/22 12:57:24 489] isr_1conn  591  time from last audio to last result:  235  .  
[2018/05/22 12:57:24 489] isr_1conn  592  time from session-begin to session-end:  235  .  
[2018/05/22 12:57:24 489] transport  1054 [soc] disconnect   
[2018/05/22 12:57:24 490] isr_1conn  605  [session] got 2th result  
[2018/05/22 12:57:24 490] transport  1196 a_complete_httpmessage  200  
[2018/05/22 12:57:24 490] isr_1conn  357  [trans] [isr_1conncisr1PdHHBHcmzBv-GBKH3C2klsCktjmEo] readable  
[2018/05/22 12:57:24 490] isr_1conn  386  response  
[2018/05/22 12:57:24 490] isr_1conn  415  resp_syncid =  0  
[2018/05/22 12:57:24 520] isr_1conn  1800 ISR_MSG_GRSLT  
[2018/05/22 12:57:24 520] isr_1conn  1826 0  0  udata(5749520) 
[2018/05/22 12:57:24 572] isr_1conn  1800 ISR_MSG_GRSLT  
[2018/05/22 12:57:24 572] isr_1conn  1826 0  5  udata(5749be0) 
[2018/05/22 12:57:24 623] isr_1conn  1829 ISR_MSG_SSE  
[2018/05/22 12:57:24 624] isr_1conn  1178 isr_1conn session info  
